Build started 01/22/2013 11:27:26 PM.
     1>Project "C:\Users\THINK7\Documents\GitHub\GameJam_2013\Tutorials\Tutorials.vcxproj" on node 2 (build target(s)).
     1>InitializeBuildStatus:
         Creating "Debug\Tutorials.unsuccessfulbuild" because "AlwaysCreate" was specified.
       ClCompile:
         All outputs are up-to-date.
         All outputs are up-to-date.
       ResourceCompile:
         All outputs are up-to-date.
       ManifestResourceCompile:
         All outputs are up-to-date.
       Link:
         All outputs are up-to-date.
       Manifest:
         All outputs are up-to-date.
       FinalizeBuildStatus:
         Deleting file "Debug\Tutorials.unsuccessfulbuild".
         Touching "Debug\Tutorials.lastbuildstate".
     1>Done Building Project "C:\Users\THINK7\Documents\GitHub\GameJam_2013\Tutorials\Tutorials.vcxproj" (build target(s)).

Build succeeded.

Time Elapsed 00:00:00.12
